mode: atomic
tidesOfPhuket/internal/tidesofphuket/service/service.go:22.94,26.30 4 0
tidesOfPhuket/internal/tidesofphuket/service/service.go:47.2,47.12 1 0
tidesOfPhuket/internal/tidesofphuket/service/service.go:26.30,27.28 1 0
tidesOfPhuket/internal/tidesofphuket/service/service.go:27.28,32.21 5 0
tidesOfPhuket/internal/tidesofphuket/service/service.go:39.4,42.21 4 0
tidesOfPhuket/internal/tidesofphuket/service/service.go:32.21,36.5 3 0
tidesOfPhuket/internal/tidesofphuket/service/service.go:36.10,38.5 1 0
tidesOfPhuket/internal/tidesofphuket/service/service.go:42.21,44.5 1 0
tidesOfPhuket/internal/tidesofphuket/service/service.go:50.136,55.21 5 1
tidesOfPhuket/internal/tidesofphuket/service/service.go:76.2,80.38 5 1
tidesOfPhuket/internal/tidesofphuket/service/service.go:96.2,97.23 2 1
tidesOfPhuket/internal/tidesofphuket/service/service.go:100.2,101.8 2 1
tidesOfPhuket/internal/tidesofphuket/service/service.go:55.21,56.51 1 0
tidesOfPhuket/internal/tidesofphuket/service/service.go:56.51,59.23 3 0
tidesOfPhuket/internal/tidesofphuket/service/service.go:64.4,65.23 2 0
tidesOfPhuket/internal/tidesofphuket/service/service.go:59.23,63.5 3 0
tidesOfPhuket/internal/tidesofphuket/service/service.go:65.23,69.5 3 0
tidesOfPhuket/internal/tidesofphuket/service/service.go:70.9,74.4 3 0
tidesOfPhuket/internal/tidesofphuket/service/service.go:80.38,82.28 2 2
tidesOfPhuket/internal/tidesofphuket/service/service.go:85.3,85.40 1 2
tidesOfPhuket/internal/tidesofphuket/service/service.go:82.28,84.4 1 2
tidesOfPhuket/internal/tidesofphuket/service/service.go:85.40,87.22 2 0
tidesOfPhuket/internal/tidesofphuket/service/service.go:93.4,93.14 1 0
tidesOfPhuket/internal/tidesofphuket/service/service.go:88.14,89.88 1 0
tidesOfPhuket/internal/tidesofphuket/service/service.go:90.13,91.86 1 0
tidesOfPhuket/internal/tidesofphuket/service/service.go:97.23,99.3 1 1
tidesOfPhuket/internal/tidesofphuket/service/service.go:104.66,106.17 2 0
tidesOfPhuket/internal/tidesofphuket/service/service.go:114.2,114.15 1 0
tidesOfPhuket/internal/tidesofphuket/service/service.go:107.21,108.46 1 0
tidesOfPhuket/internal/tidesofphuket/service/service.go:109.14,110.46 1 0
tidesOfPhuket/internal/tidesofphuket/service/service.go:111.14,112.46 1 0
